<?xml version='1.0' encoding='UTF-8'?>
<testsuite hostname="LAPTOP-7OEJUPM7" name="fosd.net.bdd.VTest" tests="9" errors="0" failures="0" skipped="0" time="0.359" timestamp="2020-07-15T17:59:35">
                     <properties>
      <property name="java.specification.version" value="13"/><property name="sun.cpu.isalist" value="amd64"/><property name="sun.jnu.encoding" value="Cp1252"/><property name="sun.arch.data.model" value="64"/><property name="java.vendor.url" value="https://java.oracle.com/"/><property name="sun.boot.library.path" value="C:\Program Files\Java\jdk-13.0.1\bin"/><property name="sun.java.command" value="xsbt.boot.Boot"/><property name="jdk.debug" value="release"/><property name="sun.stderr.encoding" value="cp437"/><property name="java.specification.vendor" value="Oracle Corporation"/><property name="java.version.date" value="2019-10-15"/><property name="java.home" value="C:\Program Files\Java\jdk-13.0.1"/><property name="file.separator" value="\"/><property name="java.vm.compressedOopsMode" value="32-bit"/><property name="line.separator" value="
"/><property name="sun.stdout.encoding" value="cp437"/><property name="java.vm.specification.vendor" value="Oracle Corporation"/><property name="java.specification.name" value="Java Platform API Specification"/><property name="user.script" value=""/><property name="sun.management.compiler" value="HotSpot 64-Bit Tiered Compilers"/><property name="java.runtime.version" value="13.0.1+9"/><property name="user.name" value="mjanes1"/><property name="log4j.ignoreTCL" value="true"/><property name="file.encoding" value="UTF-8"/><property name="jnidispatch.path" value="C:\Users\mjane\AppData\Local\Temp\jna-1081302649\jna12801223020399274500.dll"/><property name="jna.loaded" value="true"/><property name="java.io.tmpdir" value="C:\Users\mjane\AppData\Local\Temp\"/><property name="java.version" value="13.0.1"/><property name="java.vm.specification.name" value="Java Virtual Machine Specification"/><property name="sun.os.patch.level" value=""/><property name="java.library.path" value="C:\Program Files\Java\jdk-13.0.1\bin;C:\WINDOWS\Sun\Java\bin;C:\WINDOWS\system32;C:\WINDOWS;C:\Program Files\Java\jdk-13.0.1\bin;C:\ProgramData\Oracle\Java\javapath;C:\MinGW\bin;C:\MinGW\libexec\gcc\x86_64-w64-mingw32\7.2.0;C:\WINDOWS\system32;C:\WINDOWS;C:\WINDOWS\System32\Wbem;C:\WINDOWS\System32\WindowsPowerShell\v1.0\;C:\WINDOWS\System32\OpenSSH\;C:\Program Files\Java\jdk-13.0.1\bin;C:\Program Files\Git\cmd;C:\Program Files\nodejs\;C:\xampp\php;C:\Program Files\PuTTY\;C:\Program Files\TortoiseSVN\bin;C:\Program Files (x86)\sbt\bin;C:\Users\mjane\AppData\Local\Microsoft\WindowsApps;C:\Users\mjane\AppData\Local\atom\bin;C:\Users\mjane\AppData\Roaming\npm;."/><property name="java.vendor" value="Oracle Corporation"/><property name="scala.ext.dirs" value="C:\Users\mjane\.sbt\0.13\java9-rt-ext-oracle_corporation_13_0_1"/><property name="sun.io.unicode.encoding" value="UnicodeLittle"/><property name="java.class.path" value="C:\Program Files (x86)\sbt\\bin\sbt-launch.jar"/><property name="java.vm.vendor" value="Oracle Corporation"/><property name="user.variant" value=""/><property name="jline.shutdownhook" value="false"/><property name="user.timezone" value="America/New_York"/><property name="java.vm.specification.version" value="13"/><property name="os.name" value="Windows 10"/><property name="sun.java.launcher" value="SUN_STANDARD"/><property name="user.country" value="US"/><property name="sun.cpu.endian" value="little"/><property name="user.home" value="C:\Users\mjane"/><property name="user.language" value="en"/><property name="swoval.tmpdir" value="C:\Users\mjane\.sbt\1.0"/><property name="jline.esc.timeout" value="0"/><property name="path.separator" value=";"/><property name="os.version" value="10.0"/><property name="jna.nosys" value="true"/><property name="java.runtime.name" value="Java(TM) SE Runtime Environment"/><property name="java.vm.name" value="Java HotSpot(TM) 64-Bit Server VM"/><property name="java.vendor.url.bug" value="https://bugreport.java.com/bugreport/"/><property name="user.dir" value="C:\Users\mjane\Desktop\VBDD-CW\vbdd"/><property name="os.arch" value="amd64"/><property name="java.vm.info" value="mixed mode, sharing"/><property name="java.vm.version" value="13.0.1+9"/><property name="java.class.version" value="57.0"/>
    </properties>
                     <testcase classname="fosd.net.bdd.VTest" name="mk" time="0.132">
                                                 
                                               </testcase><testcase classname="fosd.net.bdd.VTest" name="union" time="0.006">
                                                 
                                               </testcase><testcase classname="fosd.net.bdd.VTest" name="select" time="0.069">
                                                 
                                               </testcase><testcase classname="fosd.net.bdd.VTest" name="choice" time="0.007">
                                                 
                                               </testcase><testcase classname="fosd.net.bdd.VTest" name="map" time="0.01">
                                                 
                                               </testcase><testcase classname="fosd.net.bdd.VTest" name="mapPair" time="0.022">
                                                 
                                               </testcase><testcase classname="fosd.net.bdd.VTest" name="set" time="0.025">
                                                 
                                               </testcase><testcase classname="fosd.net.bdd.VTest" name="ite" time="0.006">
                                                 
                                               </testcase><testcase classname="fosd.net.bdd.VTest" name="flatMap" time="0.082">
                                                 
                                               </testcase>
                     <system-out><![CDATA[]]></system-out>
                     <system-err><![CDATA[]]></system-err>
                   </testsuite>